<?xml version="1.0" encoding="UTF-8"?>
<!-- Generated by org.testng.reporters.JUnitReportReporter -->
<testsuite hostname="Lenovo-PC" name="gen.selenium.page_object_model.tests.DemoTest2" tests="2" failures="0" timestamp="2 Sep 2018 06:18:53 GMT" time="0.007" errors="0">
  <testcase name="search2" time="0.003" classname="gen.selenium.page_object_model.tests.DemoTest2"/>
  <testcase name="search22" time="0.004" classname="gen.selenium.page_object_model.tests.DemoTest2"/>
</testsuite> <!-- gen.selenium.page_object_model.tests.DemoTest2 -->
