<?xml version="1.0" encoding="UTF-8"?>
<!-- Generated by org.testng.reporters.JUnitReportReporter -->
<testsuite hostname="Lenovo-PC" name="gen.selenium.pomdemo.tests.DemoTest" tests="1" failures="0" timestamp="29 Jan 2020 15:59:10 GMT" time="2.656" errors="0">
  <testcase name="searchTest" time="2.656" classname="gen.selenium.pomdemo.tests.DemoTest"/>
</testsuite> <!-- gen.selenium.pomdemo.tests.DemoTest -->
